<?xml version="1.0" encoding="UTF-8"?>
<!-- Generated by org.testng.reporters.JUnitXMLReporter -->
<testsuite ignored="0" hostname="DESKTOP-OJQ7O3T" failures="0" tests="4" name="Default test" time="10.608" errors="0" timestamp="2024-01-30T17:30:13 IST">
  <testcase classname="api.testData.UserTest" name="test_PostUser" time="4.555"/>
  <testcase classname="api.testData.UserTest" name="test_GetUserByName" time="1.409"/>
  <testcase classname="api.testData.UserTest" name="test_UpdateUserByName" time="2.827"/>
  <testcase classname="api.testData.UserTest" name="test_DeleteUserByName" time="1.384"/>
</testsuite> <!-- Default test -->
