<?xml version="1.0" encoding="UTF-8"?>
<!-- Generated by org.testng.reporters.JUnitXMLReporter -->
<testsuite ignored="0" hostname="DESKTOP-OJQ7O3T" failures="0" tests="4" name="Test" time="15.019" errors="0" timestamp="2024-01-30T13:20:44 IST">
  <testcase classname="api.testData.UserTest" name="test_PostUser" time="4.223"/>
  <testcase classname="api.testData.UserTest" name="test_GetUserByName" time="2.995"/>
  <testcase classname="api.testData.UserTest" name="test_UpdateUserByName" time="5.241"/>
  <testcase classname="api.testData.UserTest" name="test_DeleteUserByName" time="2.155"/>
</testsuite> <!-- Test -->
