<?xml version="1.0" encoding="UTF-8"?>
<testng-results ignored="0" total="4" passed="4" failed="0" skipped="0">
  <reporter-output>
  </reporter-output>
  <suite started-at="2024-01-30T13:20:29 IST" name="Suite" finished-at="2024-01-30T13:20:44 IST" duration-ms="15019">
    <groups>
    </groups>
    <test started-at="2024-01-30T13:20:29 IST" name="Test" finished-at="2024-01-30T13:20:44 IST" duration-ms="15019">
      <class name="api.testData.UserTest">
        <test-method is-config="true" signature="setupData()[pri:0, instance:api.testData.UserTest@402bba4f]" started-at="2024-01-30T13:20:29 IST" name="setupData" finished-at="2024-01-30T13:20:29 IST" duration-ms="355" status="PASS">
          <reporter-output>
          </reporter-output>
        </test-method> <!-- setupData -->
        <test-method signature="test_PostUser()[pri:1, instance:api.testData.UserTest@402bba4f]" started-at="2024-01-30T13:20:29 IST" name="test_PostUser" finished-at="2024-01-30T13:20:34 IST" duration-ms="4223" status="PASS">
          <reporter-output>
          </reporter-output>
        </test-method> <!-- test_PostUser -->
        <test-method signature="test_GetUserByName()[pri:2, instance:api.testData.UserTest@402bba4f]" started-at="2024-01-30T13:20:34 IST" name="test_GetUserByName" finished-at="2024-01-30T13:20:37 IST" duration-ms="2995" status="PASS">
          <reporter-output>
          </reporter-output>
        </test-method> <!-- test_GetUserByName -->
        <test-method signature="test_UpdateUserByName()[pri:3, instance:api.testData.UserTest@402bba4f]" started-at="2024-01-30T13:20:37 IST" name="test_UpdateUserByName" finished-at="2024-01-30T13:20:42 IST" duration-ms="5241" status="PASS">
          <reporter-output>
          </reporter-output>
        </test-method> <!-- test_UpdateUserByName -->
        <test-method signature="test_DeleteUserByName()[pri:4, instance:api.testData.UserTest@402bba4f]" started-at="2024-01-30T13:20:42 IST" name="test_DeleteUserByName" finished-at="2024-01-30T13:20:44 IST" duration-ms="2155" status="PASS">
          <reporter-output>
          </reporter-output>
        </test-method> <!-- test_DeleteUserByName -->
      </class> <!-- api.testData.UserTest -->
    </test> <!-- Test -->
  </suite> <!-- Suite -->
</testng-results>
