<?xml version="1.0" encoding="UTF-8"?>
<testng-results ignored="0" total="4" passed="4" failed="0" skipped="0">
  <reporter-output>
  </reporter-output>
  <suite started-at="2024-01-30T17:30:02 IST" name="Default suite" finished-at="2024-01-30T17:30:13 IST" duration-ms="10608">
    <groups>
    </groups>
    <test started-at="2024-01-30T17:30:02 IST" name="Default test" finished-at="2024-01-30T17:30:13 IST" duration-ms="10608">
      <class name="api.testData.UserTest">
        <test-method is-config="true" signature="setupData()[pri:0, instance:api.testData.UserTest@78e4deb0]" started-at="2024-01-30T17:30:03 IST" name="setupData" finished-at="2024-01-30T17:30:03 IST" duration-ms="355" status="PASS">
          <reporter-output>
          </reporter-output>
        </test-method> <!-- setupData -->
        <test-method signature="test_PostUser()[pri:1, instance:api.testData.UserTest@78e4deb0]" started-at="2024-01-30T17:30:03 IST" name="test_PostUser" finished-at="2024-01-30T17:30:07 IST" duration-ms="4555" status="PASS">
          <reporter-output>
          </reporter-output>
        </test-method> <!-- test_PostUser -->
        <test-method signature="test_GetUserByName()[pri:2, instance:api.testData.UserTest@78e4deb0]" started-at="2024-01-30T17:30:07 IST" name="test_GetUserByName" finished-at="2024-01-30T17:30:09 IST" duration-ms="1409" status="PASS">
          <reporter-output>
          </reporter-output>
        </test-method> <!-- test_GetUserByName -->
        <test-method signature="test_UpdateUserByName()[pri:3, instance:api.testData.UserTest@78e4deb0]" started-at="2024-01-30T17:30:09 IST" name="test_UpdateUserByName" finished-at="2024-01-30T17:30:12 IST" duration-ms="2827" status="PASS">
          <reporter-output>
          </reporter-output>
        </test-method> <!-- test_UpdateUserByName -->
        <test-method signature="test_DeleteUserByName()[pri:4, instance:api.testData.UserTest@78e4deb0]" started-at="2024-01-30T17:30:12 IST" name="test_DeleteUserByName" finished-at="2024-01-30T17:30:13 IST" duration-ms="1384" status="PASS">
          <reporter-output>
          </reporter-output>
        </test-method> <!-- test_DeleteUserByName -->
      </class> <!-- api.testData.UserTest -->
    </test> <!-- Default test -->
  </suite> <!-- Default suite -->
</testng-results>
